MobileSafe/app/build/outputs/logs/manifest-merger-debug-report.txt
-- Merging decision tree log ---
manifest
ADDED from src/main/AndroidManifest.xml:2:1-171:12
	package
		ADDED from src/main/AndroidManifest.xml:3:5-34
		INJECTED from src/main/AndroidManifest.xml
		INJECTED from src/main/AndroidManifest.xml
	android:versionName
		ADDED from src/main/AndroidManifest.xml:6:5-32
		INJECTED from src/main/AndroidManifest.xml
		INJECTED from src/main/AndroidManifest.xml
	android:versionCode
		ADDED from src/main/AndroidManifest.xml:5:5-28
		INJECTED from src/main/AndroidManifest.xml
		INJECTED from src/main/AndroidManifest.xml
	xmlns:android
		ADDED from src/main/AndroidManifest.xml:2:11-69
	android:installLocation
		ADDED from src/main/AndroidManifest.xml:4:5-43
uses-sdk
ADDED from src/main/AndroidManifest.xml:8:5-10:41
MERGED from [com.android.support:appcompat-v7:23.3.0] AndroidManifest.xml:21:5-23:78
MERGED from [com.android.support:support-vector-drawable:23.3.0] AndroidManifest.xml:5:5-43
MERGED from [com.android.support:support-v4:23.3.0] AndroidManifest.xml:20:5-43
MERGED from [com.android.support:animated-vector-drawable:23.3.0] AndroidManifest.xml:5:5-44
MERGED from [com.android.support:support-vector-drawable:23.3.0] AndroidManifest.xml:5:5-43
MERGED from [com.android.support:support-v4:23.3.0] AndroidManifest.xml:20:5-43
MERGED from [com.android.support:support-v4:23.3.0] AndroidManifest.xml:20:5-43
	tools:overrideLibrary
		ADDED from [com.android.support:appcompat-v7:23.3.0] AndroidManifest.xml:23:9-75
	android:targetSdkVersion
		ADDED from src/main/AndroidManifest.xml:10:9-38
		INJECTED from src/main/AndroidManifest.xml
		INJECTED from src/main/AndroidManifest.xml
	android:minSdkVersion
		ADDED from src/main/AndroidManifest.xml:9:9-34
		INJECTED from src/main/AndroidManifest.xml
		INJECTED from src/main/AndroidManifest.xml
uses-permission#android.permission.INTERNET
ADDED from src/main/AndroidManifest.xml:12:5-67
	android:name
		ADDED from src/main/AndroidManifest.xml:12:22-64
uses-permission#android.permission.WRITE_EXTERNAL_STORAGE
ADDED from src/main/AndroidManifest.xml:13:5-81
	android:name
		ADDED from src/main/AndroidManifest.xml:13:22-78
uses-permission#android.permission.READ_PHONE_STATE
ADDED from src/main/AndroidManifest.xml:14:5-75
	android:name
		ADDED from src/main/AndroidManifest.xml:14:22-72
uses-permission#android.permission.RECEIVE_BOOT_COMPLETED
ADDED from src/main/AndroidManifest.xml:15:5-81
	android:name
		ADDED from src/main/AndroidManifest.xml:15:22-78
uses-permission#android.permission.READ_CONTACTS
ADDED from src/main/AndroidManifest.xml:16:5-72
	android:name
		ADDED from src/main/AndroidManifest.xml:16:22-69
uses-permission#android.permission.SEND_SMS
ADDED from src/main/AndroidManifest.xml:17:5-67
	android:name
		ADDED from src/main/AndroidManifest.xml:17:22-64
uses-permission#android.permission.RECEIVE_SMS
ADDED from src/main/AndroidManifest.xml:18:5-70
	android:name
		ADDED from src/main/AndroidManifest.xml:18:22-67
uses-permission#android.permission.ACCESS_FINE_LOCATION
ADDED from src/main/AndroidManifest.xml:19:5-79
	android:name
		ADDED from src/main/AndroidManifest.xml:19:22-76
uses-permission#android.permission.ACCESS_MOCK_LOCATION
ADDED from src/main/AndroidManifest.xml:20:5-79
	android:name
		ADDED from src/main/AndroidManifest.xml:20:22-76
uses-permission#android.permission.ACCESS_COARSE_LOCATION
ADDED from src/main/AndroidManifest.xml:21:5-81
	android:name
		ADDED from src/main/AndroidManifest.xml:21:22-78
uses-permission#android.permission.VIBRATE
ADDED from src/main/AndroidManifest.xml:22:5-66
	android:name
		ADDED from src/main/AndroidManifest.xml:22:22-63
uses-permission#android.permission.PROCESS_OUTGOING_CALLS
ADDED from src/main/AndroidManifest.xml:23:5-81
	android:name
		ADDED from src/main/AndroidManifest.xml:23:22-78
uses-permission#android.permission.SYSTEM_ALERT_WINDOW
ADDED from src/main/AndroidManifest.xml:24:5-78
	android:name
		ADDED from src/main/AndroidManifest.xml:24:22-75
uses-permission#android.permission.CALL_PHONE
ADDED from src/main/AndroidManifest.xml:27:5-69
	android:name
		ADDED from src/main/AndroidManifest.xml:27:22-66
uses-permission#android.permission.READ_CALL_LOG
ADDED from src/main/AndroidManifest.xml:28:5-72
	android:name
		ADDED from src/main/AndroidManifest.xml:28:22-69
uses-permission#android.permission.WRITE_CALL_LOG
ADDED from src/main/AndroidManifest.xml:29:5-73
	android:name
		ADDED from src/main/AndroidManifest.xml:29:22-70
uses-permission#android.permission.WRITE_CONTACTS
ADDED from src/main/AndroidManifest.xml:30:5-73
	android:name
		ADDED from src/main/AndroidManifest.xml:30:22-70
uses-permission#android.permission.READ_SMS
ADDED from src/main/AndroidManifest.xml:31:5-67
	android:name
		ADDED from src/main/AndroidManifest.xml:31:22-64
uses-permission#android.permission.WRITE_SMS
ADDED from src/main/AndroidManifest.xml:32:5-68
	android:name
		ADDED from src/main/AndroidManifest.xml:32:22-65
uses-permission#android.permission.KILL_BACKGROUND_PROCESSES
ADDED from src/main/AndroidManifest.xml:33:5-84
	android:name
		ADDED from src/main/AndroidManifest.xml:33:22-81
uses-permission#com.android.launcher.permission.INSTALL_SHORTCUT
ADDED from src/main/AndroidManifest.xml:34:5-88
	android:name
		ADDED from src/main/AndroidManifest.xml:34:22-85
uses-permission#android.permission.GET_PACKAGE_SIZE
ADDED from src/main/AndroidManifest.xml:35:5-75
	android:name
		ADDED from src/main/AndroidManifest.xml:35:22-72
uses-permission#android.permission.CLEAR_APP_CACHE
ADDED from src/main/AndroidManifest.xml:36:5-74
	android:name
		ADDED from src/main/AndroidManifest.xml:36:22-71
uses-permission#android.permission.GET_TASKS
ADDED from src/main/AndroidManifest.xml:37:5-68
	android:name
		ADDED from src/main/AndroidManifest.xml:37:22-65
application
ADDED from src/main/AndroidManifest.xml:39:5-169:19
MERGED from [com.android.support:appcompat-v7:23.3.0] AndroidManifest.xml:25:5-20
MERGED from [com.android.support:support-vector-drawable:23.3.0] AndroidManifest.xml:7:5-20
MERGED from [com.android.support:support-v4:23.3.0] AndroidManifest.xml:22:5-20
MERGED from [com.android.support:animated-vector-drawable:23.3.0] AndroidManifest.xml:7:5-20
MERGED from [com.android.support:support-vector-drawable:23.3.0] AndroidManifest.xml:7:5-20
MERGED from [com.android.support:support-v4:23.3.0] AndroidManifest.xml:22:5-20
MERGED from [com.android.support:support-v4:23.3.0] AndroidManifest.xml:22:5-20
	android:label
		ADDED from src/main/AndroidManifest.xml:43:9-41
	android:allowBackup
		ADDED from src/main/AndroidManifest.xml:41:9-35
	android:icon
		ADDED from src/main/AndroidManifest.xml:42:9-38
	android:theme
		ADDED from src/main/AndroidManifest.xml:44:9-40
	android:name
		ADDED from src/main/AndroidManifest.xml:40:9-50
activity#com.jess.mobilesafe.activity.SplashActivity
ADDED from src/main/AndroidManifest.xml:46:9-60:20
	android:label
		ADDED from src/main/AndroidManifest.xml:48:13-45
	android:name
		ADDED from src/main/AndroidManifest.xml:47:13-71
intent-filter#android.intent.action.MAIN+android.intent.category.LAUNCHER
ADDED from src/main/AndroidManifest.xml:49:13-53:29
action#android.intent.action.MAIN
ADDED from src/main/AndroidManifest.xml:50:17-69
	android:name
		ADDED from src/main/AndroidManifest.xml:50:25-66
category#android.intent.category.LAUNCHER
ADDED from src/main/AndroidManifest.xml:52:17-77
	android:name
		ADDED from src/main/AndroidManifest.xml:52:27-74
intent-filter#android.intent.category.DEFAULT+com.jess.home
ADDED from src/main/AndroidManifest.xml:54:13-58:29
action#com.jess.home
ADDED from src/main/AndroidManifest.xml:55:17-56
	android:name
		ADDED from src/main/AndroidManifest.xml:55:25-53
category#android.intent.category.DEFAULT
ADDED from src/main/AndroidManifest.xml:57:17-76
	android:name
		ADDED from src/main/AndroidManifest.xml:57:27-73
activity#com.jess.mobilesafe.activity.HomeActivity
ADDED from src/main/AndroidManifest.xml:61:9-87
	android:name
		ADDED from src/main/AndroidManifest.xml:61:19-75
activity#com.jess.mobilesafe.activity.SettingActivity
ADDED from src/main/AndroidManifest.xml:62:9-90
	android:name
		ADDED from src/main/AndroidManifest.xml:62:19-78
activity#com.jess.mobilesafe.activity.LostFindActivity
ADDED from src/main/AndroidManifest.xml:63:9-91
	android:name
		ADDED from src/main/AndroidManifest.xml:63:19-79
activity#com.jess.mobilesafe.activity.Step1Activity
ADDED from src/main/AndroidManifest.xml:64:9-88
	android:name
		ADDED from src/main/AndroidManifest.xml:64:19-76
activity#com.jess.mobilesafe.activity.Step2Activity
ADDED from src/main/AndroidManifest.xml:65:9-88
	android:name
		ADDED from src/main/AndroidManifest.xml:65:19-76
activity#com.jess.mobilesafe.activity.Step3Activity
ADDED from src/main/AndroidManifest.xml:66:9-88
	android:name
		ADDED from src/main/AndroidManifest.xml:66:19-76
activity#com.jess.mobilesafe.activity.Step4Activity
ADDED from src/main/AndroidManifest.xml:67:9-88
	android:name
		ADDED from src/main/AndroidManifest.xml:67:19-76
activity#com.jess.mobilesafe.activity.ContactActivity
ADDED from src/main/AndroidManifest.xml:68:9-90
	android:name
		ADDED from src/main/AndroidManifest.xml:68:19-78
activity#com.jess.mobilesafe.activity.ToolActivity
ADDED from src/main/AndroidManifest.xml:69:9-87
	android:name
		ADDED from src/main/AndroidManifest.xml:69:19-75
activity#com.jess.mobilesafe.activity.AddressQueryActivity
ADDED from src/main/AndroidManifest.xml:70:9-95
	android:name
		ADDED from src/main/AndroidManifest.xml:70:19-83
activity#com.jess.mobilesafe.activity.AddressPositionActivity
ADDED from src/main/AndroidManifest.xml:71:9-73:84
	android:theme
		ADDED from src/main/AndroidManifest.xml:73:13-72
	android:name
		ADDED from src/main/AndroidManifest.xml:72:13-80
activity#com.jess.mobilesafe.activity.CallSafeActivity
ADDED from src/main/AndroidManifest.xml:74:9-91
	android:name
		ADDED from src/main/AndroidManifest.xml:74:19-79
activity#com.jess.mobilesafe.activity.APPManageActivity
ADDED from src/main/AndroidManifest.xml:75:9-92
	android:name
		ADDED from src/main/AndroidManifest.xml:75:19-80
activity#com.jess.mobilesafe.activity.ProcessManageActivity
ADDED from src/main/AndroidManifest.xml:76:9-96
	android:name
		ADDED from src/main/AndroidManifest.xml:76:19-84
activity#com.jess.mobilesafe.activity.CommonNumberQueryActivity
ADDED from src/main/AndroidManifest.xml:77:9-100
	android:name
		ADDED from src/main/AndroidManifest.xml:77:19-88
activity#com.jess.mobilesafe.activity.Home2Activity
ADDED from src/main/AndroidManifest.xml:78:9-88
	android:name
		ADDED from src/main/AndroidManifest.xml:78:19-76
activity#com.jess.mobilesafe.activity.AntivirusActivity
ADDED from src/main/AndroidManifest.xml:79:9-92
	android:name
		ADDED from src/main/AndroidManifest.xml:79:19-80
activity#com.jess.mobilesafe.activity.CacheClearActivity
ADDED from src/main/AndroidManifest.xml:80:9-93
	android:name
		ADDED from src/main/AndroidManifest.xml:80:19-81
activity#com.jess.mobilesafe.activity.ProgramLockActivity
ADDED from src/main/AndroidManifest.xml:81:9-94
	android:name
		ADDED from src/main/AndroidManifest.xml:81:19-82
activity#com.jess.mobilesafe.activity.ProgramDogActivity
ADDED from src/main/AndroidManifest.xml:82:9-85:60
	android:excludeFromRecents
		ADDED from src/main/AndroidManifest.xml:84:13-46
	android:launchMode
		ADDED from src/main/AndroidManifest.xml:85:13-48
	android:name
		ADDED from src/main/AndroidManifest.xml:83:13-75
activity#com.jess.touch.TouchActivity
ADDED from src/main/AndroidManifest.xml:86:9-88:84
	android:theme
		ADDED from src/main/AndroidManifest.xml:88:13-72
	android:name
		ADDED from src/main/AndroidManifest.xml:87:13-56
activity#com.jess.touch.TouchCleanActivity
ADDED from src/main/AndroidManifest.xml:89:9-91:84
	android:theme
		ADDED from src/main/AndroidManifest.xml:91:13-72
	android:name
		ADDED from src/main/AndroidManifest.xml:90:13-61
activity#com.jess.mobilesafe.activity.CacheFinishActivity
ADDED from src/main/AndroidManifest.xml:92:9-94
	android:name
		ADDED from src/main/AndroidManifest.xml:92:19-82
receiver#com.jess.mobilesafe.receiver.packageinstall
ADDED from src/main/AndroidManifest.xml:98:9-105:20
	android:name
		ADDED from src/main/AndroidManifest.xml:98:19-77
intent-filter#android.intent.action.PACKAGE_ADDED+android.intent.action.PACKAGE_REMOVED
ADDED from src/main/AndroidManifest.xml:99:13-104:29
action#android.intent.action.PACKAGE_ADDED
ADDED from src/main/AndroidManifest.xml:100:17-78
	android:name
		ADDED from src/main/AndroidManifest.xml:100:25-75
action#android.intent.action.PACKAGE_REMOVED
ADDED from src/main/AndroidManifest.xml:101:17-80
	android:name
		ADDED from src/main/AndroidManifest.xml:101:25-77
data
ADDED from src/main/AndroidManifest.xml:103:17-50
	android:scheme
		ADDED from src/main/AndroidManifest.xml:103:23-47
receiver#com.jess.mobilesafe.receiver.BootCheck
ADDED from src/main/AndroidManifest.xml:107:9-111:20
	android:name
		ADDED from src/main/AndroidManifest.xml:107:19-72
intent-filter#android.intent.action.BOOT_COMPLETED
ADDED from src/main/AndroidManifest.xml:108:13-110:29
action#android.intent.action.BOOT_COMPLETED
ADDED from src/main/AndroidManifest.xml:109:17-79
	android:name
		ADDED from src/main/AndroidManifest.xml:109:25-76
receiver#com.jess.mobilesafe.receiver.SMSAbort
ADDED from src/main/AndroidManifest.xml:113:9-117:20
	android:name
		ADDED from src/main/AndroidManifest.xml:113:19-71
intent-filter#android.provider.Telephony.SMS_RECEIVED
ADDED from src/main/AndroidManifest.xml:114:13-116:29
	android:priority
		ADDED from src/main/AndroidManifest.xml:114:28-57
action#android.provider.Telephony.SMS_RECEIVED
ADDED from src/main/AndroidManifest.xml:115:17-82
	android:name
		ADDED from src/main/AndroidManifest.xml:115:25-79
receiver#com.jess.mobilesafe.receiver.AdminReceiver
ADDED from src/main/AndroidManifest.xml:119:9-131:20
	android:label
		ADDED from src/main/AndroidManifest.xml:122:13-56
	android:permission
		ADDED from src/main/AndroidManifest.xml:123:13-70
	android:description
		ADDED from src/main/AndroidManifest.xml:121:13-74
	android:name
		ADDED from src/main/AndroidManifest.xml:120:13-70
meta-data#android.app.device_admin
ADDED from src/main/AndroidManifest.xml:124:13-126:63
	android:resource
		ADDED from src/main/AndroidManifest.xml:126:17-60
	android:name
		ADDED from src/main/AndroidManifest.xml:125:17-56
intent-filter#android.app.action.DEVICE_ADMIN_ENABLED
ADDED from src/main/AndroidManifest.xml:128:13-130:29
action#android.app.action.DEVICE_ADMIN_ENABLED
ADDED from src/main/AndroidManifest.xml:129:17-82
	android:name
		ADDED from src/main/AndroidManifest.xml:129:25-79
receiver#com.jess.mobilesafe.receiver.AppWidgetClean
ADDED from src/main/AndroidManifest.xml:133:9-141:20
	android:name
		ADDED from src/main/AndroidManifest.xml:133:19-77
intent-filter#android.appwidget.action.APPWIDGET_UPDATE
ADDED from src/main/AndroidManifest.xml:134:13-136:29
action#android.appwidget.action.APPWIDGET_UPDATE
ADDED from src/main/AndroidManifest.xml:135:17-84
	android:name
		ADDED from src/main/AndroidManifest.xml:135:25-81
meta-data#android.appwidget.provider
ADDED from src/main/AndroidManifest.xml:138:13-140:66
	android:resource
		ADDED from src/main/AndroidManifest.xml:140:17-63
	android:name
		ADDED from src/main/AndroidManifest.xml:139:17-58
receiver#com.jess.touch.BootCheck
ADDED from src/main/AndroidManifest.xml:143:9-147:20
	android:name
		ADDED from src/main/AndroidManifest.xml:143:19-58
service#com.jess.mobilesafe.sevice.LocationService
ADDED from src/main/AndroidManifest.xml:153:9-86
	android:name
		ADDED from src/main/AndroidManifest.xml:153:18-75
service#com.jess.mobilesafe.sevice.AddressDisplayService
ADDED from src/main/AndroidManifest.xml:155:9-92
	android:name
		ADDED from src/main/AndroidManifest.xml:155:18-81
service#com.jess.mobilesafe.sevice.LockService
ADDED from src/main/AndroidManifest.xml:157:9-82
	android:name
		ADDED from src/main/AndroidManifest.xml:157:18-71
service#com.jess.mobilesafe.sevice.BlackAbortService
ADDED from src/main/AndroidManifest.xml:159:9-88
	android:name
		ADDED from src/main/AndroidManifest.xml:159:18-77
service#com.jess.mobilesafe.sevice.KillProcessService
ADDED from src/main/AndroidManifest.xml:161:9-89
	android:name
		ADDED from src/main/AndroidManifest.xml:161:18-78
service#com.jess.mobilesafe.sevice.WidgetService
ADDED from src/main/AndroidManifest.xml:163:9-84
	android:name
		ADDED from src/main/AndroidManifest.xml:163:18-73
service#com.jess.mobilesafe.sevice.ProgramDogService
ADDED from src/main/AndroidManifest.xml:165:9-88
	android:name
		ADDED from src/main/AndroidManifest.xml:165:18-77
service#com.jess.touch.RocketService
ADDED from src/main/AndroidManifest.xml:167:9-72
	android:name
		ADDED from src/main/AndroidManifest.xml:167:18-61